#
# There is insufficient memory for the Java Runtime Environment to continue.
# Native memory allocation (mmap) failed to map 65536 bytes. Error detail: Failed to commit metaspace.
# Possible reasons:
#   The system is out of physical RAM or swap space
#   This process is running with CompressedOops enabled, and the Java Heap may be blocking the growth of the native heap
# Possible solutions:
#   Reduce memory load on the system
#   Increase physical memory or swap space
#   Check if swap backing store is full
#   Decrease Java heap size (-Xmx/-Xms)
#   Decrease number of Java threads
#   Decrease Java thread stack sizes (-Xss)
#   Set larger code cache with -XX:ReservedCodeCacheSize=
#   JVM is running with Unscaled Compressed Oops mode in which the Java heap is
#     placed in the first 4GB address space. The Java Heap base address is the
#     maximum limit for the native heap growth. Please use -XX:HeapBaseMinAddress
#     to set the Java Heap base and to place the Java Heap above 4GB virtual address.
# This output file may be truncated or incomplete.
#
#  Out of Memory Error (virtualSpaceNode.cpp:113), pid=14592, tid=14972
#
# JRE version:  (21.0.5+11) (build )
# Java VM: OpenJDK 64-Bit Server VM (21.0.5+11-LTS, mixed mode, tiered, compressed oops, compressed class ptrs, parallel gc, windows-amd64)
# No core dump will be written. Minidumps are not enabled by default on client versions of Windows
#

---------------  S U M M A R Y ------------

Command Line: --add-modules=ALL-SYSTEM --add-opens=java.base/java.util=ALL-UNNAMED --add-opens=java.base/java.lang=ALL-UNNAMED --add-opens=java.base/sun.nio.fs=ALL-UNNAMED -Declipse.application=org.eclipse.jdt.ls.core.id1 -Dosgi.bundles.defaultStartLevel=4 -Declipse.product=org.eclipse.jdt.ls.core.product -Djava.import.generatesMetadataFilesAtProjectRoot=false -DDetectVMInstallationsJob.disabled=true -Dfile.encoding=utf8 -XX:+UseParallelGC -XX:GCTimeRatio=4 -XX:AdaptiveSizePolicyWeight=90 -Dsun.zip.disableMemoryMapping=true -Xmx1G -Xms100m -Xlog:disable -javaagent:c:\Users\user\.vscode\extensions\redhat.java-1.39.0-win32-x64\lombok\lombok-1.18.34.jar c:\Users\user\.vscode\extensions\redhat.java-1.39.0-win32-x64\server\plugins\org.eclipse.equinox.launcher_1.6.900.v20240613-2009.jar -configuration c:\Users\user\AppData\Roaming\Code\User\globalStorage\redhat.java\1.39.0\config_ss_win -data c:\Users\user\AppData\Roaming\Code\User\workspaceStorage\f6b61dad3abe99ef12031684bbefdd0a\redhat.java\ss_ws --pipe=\\.\pipe\lsp-a3b792c676aa2fa1c8d6725f4680a329-sock

Host: Intel(R) Core(TM) i3-4150T CPU @ 3.00GHz, 4 cores, 7G,  Windows 10 , 64 bit Build 19041 (10.0.19041.5198)
Time: Wed Feb  5 09:48:49 2025 AUS Eastern Daylight Time elapsed time: 0.101684 seconds (0d 0h 0m 0s)

---------------  T H R E A D  ---------------

Current thread (0x0000021430c34710):  JavaThread "Unknown thread" [_thread_in_vm, id=14972, stack(0x000000d8ad200000,0x000000d8ad300000) (1024K)]

Stack: [0x000000d8ad200000,0x000000d8ad300000]
Native frames: (J=compiled Java code, j=interpreted, Vv=VM code, C=native code)
V  [jvm.dll+0x6cd4e9]
V  [jvm.dll+0x8a7941]
V  [jvm.dll+0x8a9e6e]
V  [jvm.dll+0x8aa543]
V  [jvm.dll+0x27f6d6]
V  [jvm.dll+0x8a368e]
V  [jvm.dll+0x6701c5]
V  [jvm.dll+0x1e470c]
V  [jvm.dll+0x1e44de]
V  [jvm.dll+0x672ac2]
V  [jvm.dll+0x6728e2]
V  [jvm.dll+0x670b9e]
V  [jvm.dll+0x86f0d7]
V  [jvm.dll+0x870acd]
V  [jvm.dll+0x3bc109]
V  [jvm.dll+0x859dd8]
V  [jvm.dll+0x4504ee]
V  [jvm.dll+0x452131]
C  [jli.dll+0x5278]
C  [ucrtbase.dll+0x21bb2]
C  [KERNEL32.DLL+0x17374]
C  [ntdll.dll+0x4cc91]


---------------  P R O C E S S  ---------------

Threads class SMR info:
_java_thread_list=0x0000021430c9d700, length=1, elements={
0x0000021430c34710
}

Java Threads: ( => current thread )
=>0x0000021430c34710 JavaThread "Unknown thread"             [_thread_in_vm, id=14972, stack(0x000000d8ad200000,0x000000d8ad300000) (1024K)]
Total: 1

Other Threads:
  0x0000021430c9cca0 WatcherThread "VM Periodic Task Thread"        [id=13076, stack(0x000000d8ad400000,0x000000d8ad500000) (1024K)]
  0x0000021430c51e20 WorkerThread "GC Thread#0"                     [id=14804, stack(0x000000d8ad300000,0x000000d8ad400000) (1024K)]
Total: 2

Threads with active compile tasks:
Total: 0

VM state: not at safepoint (not fully initialized)

VM Mutex/Monitor currently owned by a thread:  ([mutex/lock_event])
[0x00007ffb53cab300] Metaspace_lock - owner thread: 0x0000021430c34710

Heap address: 0x00000000c0000000, size: 1024 MB, Compressed Oops mode: 32-bit

CDS archive(s) not mapped
Compressed class space mapped at: 0x0000000100000000-0x0000000140000000, reserved size: 1073741824
Narrow klass base: 0x0000000000000000, Narrow klass shift: 3, Narrow klass range: 0x140000000

GC Precious Log:
 CardTable entry size: 512
 CPUs: 4 total, 4 available
 Memory: 8092M
 Large Page Support: Disabled
 NUMA Support: Disabled
 Compressed Oops: Enabled (32-bit)
 Alignments: Space 512K, Generation 512K, Heap 2M
 Heap Min Capacity: 100M
 Heap Initial Capacity: 100M
 Heap Max Capacity: 1G
 Pre-touch: Disabled
 Parallel Workers: 4

Heap:
 PSYoungGen      total 29696K, used 0K [0x00000000eab00000, 0x00000000ecc00000, 0x0000000100000000)
  eden space 25600K, 0% used [0x00000000eab00000,0x00000000eab00000,0x00000000ec400000)
  from space 4096K, 0% used [0x00000000ec800000,0x00000000ec800000,0x00000000ecc00000)
  to   space 4096K, 0% used [0x00000000ec400000,0x00000000ec400000,0x00000000ec800000)
 ParOldGen       total 68608K, used 0K [0x00000000c0000000, 0x00000000c4300000, 0x00000000eab00000)
  object space 68608K, 0% used [0x00000000c0000000,0x00000000c0000000,0x00000000c4300000)
 Metaspace       used 4K, committed 64K, reserved 1114112K
  class space    used 4K, committed 64K, reserved 1048576K

Card table byte_map: [0x00000214305e0000,0x00000214307f0000] _byte_map_base: 0x000002142ffe0000

Marking Bits: (ParMarkBitMap*) 0x00007ffb53cb2250
 Begin Bits: [0x0000021442f90000, 0x0000021443f90000)
 End Bits:   [0x0000021443f90000, 0x0000021444f90000)

GC Heap History (0 events):
No events

Dll operation events (1 events):
Event: 0.012 Loaded shared library c:\Users\user\.vscode\extensions\redhat.java-1.39.0-win32-x64\jre\21.0.5-win32-x86_64\bin\java.dll

Deoptimization events (0 events):
No events

Classes loaded (0 events):
No events

Classes unloaded (0 events):
No events

Classes redefined (0 events):
No events

Internal exceptions (0 events):
No events

ZGC Phase Switch (0 events):
No events

VM Operations (0 events):
No events

Memory protections (0 events):
No events

Nmethod flushes (0 events):
No events

Events (1 events):
Event: 0.017 Thread 0x0000021430c34710 Thread added: 0x0000021430c34710


Dynamic libraries:
0x00007ff7d6020000 - 0x00007ff7d602e000 	c:\Users\user\.vscode\extensions\redhat.java-1.39.0-win32-x64\jre\21.0.5-win32-x86_64\bin\java.exe
0x00007ffbc42b0000 - 0x00007ffbc44a8000 	C:\Windows\SYSTEM32\ntdll.dll
0x00007ffbc3400000 - 0x00007ffbc34c2000 	C:\Windows\System32\KERNEL32.DLL
0x00007ffbc1ba0000 - 0x00007ffbc1e9f000 	C:\Windows\System32\KERNELBASE.dll
0x00007ffbc1a70000 - 0x00007ffbc1b70000 	C:\Windows\System32\ucrtbase.dll
0x00007ffba9390000 - 0x00007ffba93a8000 	c:\Users\user\.vscode\extensions\redhat.java-1.39.0-win32-x64\jre\21.0.5-win32-x86_64\bin\jli.dll
0x00007ffbc3e90000 - 0x00007ffbc402d000 	C:\Windows\System32\USER32.dll
0x00007ffbc19d0000 - 0x00007ffbc19f2000 	C:\Windows\System32\win32u.dll
0x00007ffbc4030000 - 0x00007ffbc405b000 	C:\Windows\System32\GDI32.dll
0x00007ffbc2150000 - 0x00007ffbc2267000 	C:\Windows\System32\gdi32full.dll
0x00007ffbc20b0000 - 0x00007ffbc214d000 	C:\Windows\System32\msvcp_win.dll
0x00007ffba9370000 - 0x00007ffba938e000 	c:\Users\user\.vscode\extensions\redhat.java-1.39.0-win32-x64\jre\21.0.5-win32-x86_64\bin\VCRUNTIME140.dll
0x00007ffbb1650000 - 0x00007ffbb18ea000 	C:\Windows\WinSxS\amd64_microsoft.windows.common-controls_6595b64144ccf1df_6.0.19041.4355_none_60b8b9eb71f62e16\COMCTL32.dll
0x00007ffbc32e0000 - 0x00007ffbc337e000 	C:\Windows\System32\msvcrt.dll
0x00007ffbc2c80000 - 0x00007ffbc2caf000 	C:\Windows\System32\IMM32.DLL
0x00007ffbbe4c0000 - 0x00007ffbbe4cc000 	c:\Users\user\.vscode\extensions\redhat.java-1.39.0-win32-x64\jre\21.0.5-win32-x86_64\bin\vcruntime140_1.dll
0x00007ffb87e20000 - 0x00007ffb87ead000 	c:\Users\user\.vscode\extensions\redhat.java-1.39.0-win32-x64\jre\21.0.5-win32-x86_64\bin\msvcp140.dll
0x00007ffb53000000 - 0x00007ffb53d8f000 	c:\Users\user\.vscode\extensions\redhat.java-1.39.0-win32-x64\jre\21.0.5-win32-x86_64\bin\server\jvm.dll
0x00007ffbc2bc0000 - 0x00007ffbc2c71000 	C:\Windows\System32\ADVAPI32.dll
0x00007ffbc2e40000 - 0x00007ffbc2edf000 	C:\Windows\System32\sechost.dll
0x00007ffbc3cf0000 - 0x00007ffbc3e13000 	C:\Windows\System32\RPCRT4.dll
0x00007ffbc1b70000 - 0x00007ffbc1b97000 	C:\Windows\System32\bcrypt.dll
0x00007ffbc3e20000 - 0x00007ffbc3e8b000 	C:\Windows\System32\WS2_32.dll
0x00007ffbc0ed0000 - 0x00007ffbc0f1b000 	C:\Windows\SYSTEM32\POWRPROF.dll
0x00007ffbad030000 - 0x00007ffbad057000 	C:\Windows\SYSTEM32\WINMM.dll
0x00007ffbb3af0000 - 0x00007ffbb3afa000 	C:\Windows\SYSTEM32\VERSION.dll
0x00007ffbc0d40000 - 0x00007ffbc0d52000 	C:\Windows\SYSTEM32\UMPDC.dll
0x00007ffbbf7e0000 - 0x00007ffbbf7f2000 	C:\Windows\SYSTEM32\kernel.appcore.dll
0x00007ffbb1260000 - 0x00007ffbb126a000 	c:\Users\user\.vscode\extensions\redhat.java-1.39.0-win32-x64\jre\21.0.5-win32-x86_64\bin\jimage.dll
0x00007ffba3940000 - 0x00007ffba3b24000 	C:\Windows\SYSTEM32\DBGHELP.DLL
0x00007ffba3900000 - 0x00007ffba3934000 	C:\Windows\SYSTEM32\dbgcore.DLL
0x00007ffbc1940000 - 0x00007ffbc19c2000 	C:\Windows\System32\bcryptPrimitives.dll
0x00007ffbaf8f0000 - 0x00007ffbaf8ff000 	c:\Users\user\.vscode\extensions\redhat.java-1.39.0-win32-x64\jre\21.0.5-win32-x86_64\bin\instrument.dll
0x00007ffba9350000 - 0x00007ffba936f000 	c:\Users\user\.vscode\extensions\redhat.java-1.39.0-win32-x64\jre\21.0.5-win32-x86_64\bin\java.dll

dbghelp: loaded successfully - version: 4.0.5 - missing functions: none
symbol engine: initialized successfully - sym options: 0x614 - pdb path: .;c:\Users\user\.vscode\extensions\redhat.java-1.39.0-win32-x64\jre\21.0.5-win32-x86_64\bin;C:\Windows\SYSTEM32;C:\Windows\WinSxS\amd64_microsoft.windows.common-controls_6595b64144ccf1df_6.0.19041.4355_none_60b8b9eb71f62e16;c:\Users\user\.vscode\extensions\redhat.java-1.39.0-win32-x64\jre\21.0.5-win32-x86_64\bin\server

VM Arguments:
jvm_args: --add-modules=ALL-SYSTEM --add-opens=java.base/java.util=ALL-UNNAMED --add-opens=java.base/java.lang=ALL-UNNAMED --add-opens=java.base/sun.nio.fs=ALL-UNNAMED -Declipse.application=org.eclipse.jdt.ls.core.id1 -Dosgi.bundles.defaultStartLevel=4 -Declipse.product=org.eclipse.jdt.ls.core.product -Djava.import.generatesMetadataFilesAtProjectRoot=false -DDetectVMInstallationsJob.disabled=true -Dfile.encoding=utf8 -XX:+UseParallelGC -XX:GCTimeRatio=4 -XX:AdaptiveSizePolicyWeight=90 -Dsun.zip.disableMemoryMapping=true -Xmx1G -Xms100m -Xlog:disable -javaagent:c:\Users\user\.vscode\extensions\redhat.java-1.39.0-win32-x64\lombok\lombok-1.18.34.jar 
java_command: c:\Users\user\.vscode\extensions\redhat.java-1.39.0-win32-x64\server\plugins\org.eclipse.equinox.launcher_1.6.900.v20240613-2009.jar -configuration c:\Users\user\AppData\Roaming\Code\User\globalStorage\redhat.java\1.39.0\config_ss_win -data c:\Users\user\AppData\Roaming\Code\User\workspaceStorage\f6b61dad3abe99ef12031684bbefdd0a\redhat.java\ss_ws --pipe=\\.\pipe\lsp-a3b792c676aa2fa1c8d6725f4680a329-sock
java_class_path (initial): c:\Users\user\.vscode\extensions\redhat.java-1.39.0-win32-x64\server\plugins\org.eclipse.equinox.launcher_1.6.900.v20240613-2009.jar
Launcher Type: SUN_STANDARD

[Global flags]
    uintx AdaptiveSizePolicyWeight                 = 90                                        {product} {command line}
     intx CICompilerCount                          = 3                                         {product} {ergonomic}
    uintx GCTimeRatio                              = 4                                         {product} {command line}
   size_t InitialHeapSize                          = 104857600                                 {product} {command line}
   size_t MaxHeapSize                              = 1073741824                                {product} {command line}
   size_t MaxNewSize                               = 357564416                                 {product} {ergonomic}
   size_t MinHeapDeltaBytes                        = 524288                                    {product} {ergonomic}
   size_t MinHeapSize                              = 104857600                                 {product} {command line}
   size_t NewSize                                  = 34603008                                  {product} {ergonomic}
    uintx NonNMethodCodeHeapSize                   = 5832780                                {pd product} {ergonomic}
    uintx NonProfiledCodeHeapSize                  = 122912730                              {pd product} {ergonomic}
   size_t OldSize                                  = 70254592                                  {product} {ergonomic}
    uintx ProfiledCodeHeapSize                     = 122912730                              {pd product} {ergonomic}
    uintx ReservedCodeCacheSize                    = 251658240                              {pd product} {ergonomic}
     bool SegmentedCodeCache                       = true                                      {product} {ergonomic}
   size_t SoftMaxHeapSize                          = 1073741824                             {manageable} {ergonomic}
     bool UseCompressedOops                        = true                           {product lp64_product} {ergonomic}
     bool UseLargePagesIndividualAllocation        = false                                  {pd product} {ergonomic}
     bool UseParallelGC                            = true                                      {product} {command line}

Logging:
Log output configuration:
 #0: stdout all=off uptime,level,tags foldmultilines=false
 #1: stderr all=off uptime,level,tags foldmultilines=false

Environment Variables:
PATH=C:\Program Files (x86)\Common Files\Oracle\Java\java8path;C:\Program Files (x86)\Common Files\Oracle\Java\javapath;C:\Windows\system32;C:\Windows;C:\Windows\System32\Wbem;C:\Windows\System32\WindowsPowerShell\v1.0\;C:\Windows\System32\OpenSSH\;C:\Program Files (x86)\Windows Kits\10\Windows Performance Toolkit\;C:\Program Files\Git\cmd;C:\Program Files\dotnet\;C:\Users\user\AppData\Local\Microsoft\WindowsApps;C:\Users\user\AppData\Local\Programs\Microsoft VS Code\bin;C:\Users\user\AppData\Local\GitHubDesktop\bin;C:\Users\user\.dotnet\tools;C:\Users\eviroment vair;C:\Users\eviroment vair\platform-tools;C:\Users\user\Downloads\platform-tools-latest-windows;
USERNAME=user
OS=Windows_NT
PROCESSOR_IDENTIFIER=Intel64 Family 6 Model 60 Stepping 3, GenuineIntel
TMP=C:\Users\user\AppData\Local\Temp
TEMP=C:\Users\user\AppData\Local\Temp




Periodic native trim disabled

---------------  S Y S T E M  ---------------

OS:
 Windows 10 , 64 bit Build 19041 (10.0.19041.5198)
OS uptime: 0 days 4:15 hours

CPU: total 4 (initial active 4) (2 cores per cpu, 2 threads per core) family 6 model 60 stepping 3 microcode 0x27, cx8, cmov, fxsr, ht, mmx, sse, sse2, sse3, ssse3, sse4.1, sse4.2, popcnt, lzcnt, tsc, tscinvbit, avx, avx2, erms, clmul, bmi1, bmi2, fma, vzeroupper, clflush, rdtscp, f16c
Processor Information for all 4 processors :
  Max Mhz: 3000, Current Mhz: 3000, Mhz Limit: 3000

Memory: 4k page, system-wide physical 8092M (1554M free)
TotalPageFile size 10092M (AvailPageFile size 72M)
current process WorkingSet (physical memory assigned to process): 11M, peak: 11M
current process commit charge ("private bytes"): 147M, peak: 150M

vm_info: OpenJDK 64-Bit Server VM (21.0.5+11-LTS) for windows-amd64 JRE (21.0.5+11-LTS), built on 2024-10-15T00:00:00Z by "admin" with MS VC++ 17.7 (VS2022)

END.
